<?xml version="1.0" encoding="UTF-8"?>
<coverage generated="1588561964276" clover="3.2.0">
  <project timestamp="1588561964276" name="All files">
    <metrics statements="28" coveredstatements="15" conditionals="0" coveredconditionals="0" methods="14" coveredmethods="5" elements="42" coveredelements="20" complexity="0" loc="28" ncloc="28" packages="1" files="4" classes="4"/>
    <file name="Employee.js" path="/Users/ErikDonovan/Desktop/CODE/WorkerProfileGenerator/Develop/lib/Employee.js">
      <metrics statements="9" coveredstatements="9" conditionals="0" coveredconditionals="0" methods="5" coveredmethods="5"/>
      <line num="4" count="8" type="stmt"/>
      <line num="5" count="8" type="stmt"/>
      <line num="6" count="8" type="stmt"/>
      <line num="7" count="8" type="stmt"/>
      <line num="11" count="1" type="stmt"/>
      <line num="15" count="1" type="stmt"/>
      <line num="19" count="1" type="stmt"/>
      <line num="23" count="1" type="stmt"/>
      <line num="27" count="4" type="stmt"/>
    </file>
    <file name="Engineer.js" path="/Users/ErikDonovan/Desktop/CODE/WorkerProfileGenerator/Develop/lib/Engineer.js">
      <metrics statements="7" coveredstatements="2" conditionals="0" coveredconditionals="0" methods="3" coveredmethods="0"/>
      <line num="2" count="1" type="stmt"/>
      <line num="6" count="0" type="stmt"/>
      <line num="7" count="0" type="stmt"/>
      <line num="8" count="0" type="stmt"/>
      <line num="11" count="0" type="stmt"/>
      <line num="14" count="0" type="stmt"/>
      <line num="17" count="1" type="stmt"/>
    </file>
    <file name="Intern.js" path="/Users/ErikDonovan/Desktop/CODE/WorkerProfileGenerator/Develop/lib/Intern.js">
      <metrics statements="6" coveredstatements="2" conditionals="0" coveredconditionals="0" methods="3" coveredmethods="0"/>
      <line num="2" count="1" type="stmt"/>
      <line num="6" count="0" type="stmt"/>
      <line num="7" count="0" type="stmt"/>
      <line num="12" count="0" type="stmt"/>
      <line num="15" count="0" type="stmt"/>
      <line num="20" count="1" type="stmt"/>
    </file>
    <file name="Manager.js" path="/Users/ErikDonovan/Desktop/CODE/WorkerProfileGenerator/Develop/lib/Manager.js">
      <metrics statements="6" coveredstatements="2" conditionals="0" coveredconditionals="0" methods="3" coveredmethods="0"/>
      <line num="1" count="1" type="stmt"/>
      <line num="5" count="0" type="stmt"/>
      <line num="6" count="0" type="stmt"/>
      <line num="9" count="0" type="stmt"/>
      <line num="12" count="0" type="stmt"/>
      <line num="15" count="1" type="stmt"/>
    </file>
  </project>
</coverage>
