{"/Users/ErikDonovan/Desktop/CODE/classwork/ProfileCreator/Develop/lib/Employee.js": {"path":"/Users/ErikDonovan/Desktop/CODE/classwork/ProfileCreator/Develop/lib/Employee.js","statementMap":{"0":{"start":{"line":4,"column":8},"end":{"line":4,"column":25}},"1":{"start":{"line":5,"column":8},"end":{"line":5,"column":21}},"2":{"start":{"line":6,"column":8},"end":{"line":6,"column":27}},"3":{"start":{"line":7,"column":8},"end":{"line":7,"column":30}},"4":{"start":{"line":11,"column":8},"end":{"line":11,"column":24}},"5":{"start":{"line":15,"column":8},"end":{"line":15,"column":25}},"6":{"start":{"line":19,"column":8},"end":{"line":19,"column":22}},"7":{"start":{"line":23,"column":8},"end":{"line":23,"column":25}},"8":{"start":{"line":27,"column":0},"end":{"line":27,"column":35}}},"fnMap":{"0":{"name":"(anonymous_0)","decl":{"start":{"line":3,"column":4},"end":{"line":3,"column":5}},"loc":{"start":{"line":3,"column":33},"end":{"line":8,"column":5}},"line":3},"1":{"name":"(anonymous_1)","decl":{"start":{"line":10,"column":4},"end":{"line":10,"column":5}},"loc":{"start":{"line":10,"column":14},"end":{"line":12,"column":5}},"line":10},"2":{"name":"(anonymous_2)","decl":{"start":{"line":14,"column":4},"end":{"line":14,"column":5}},"loc":{"start":{"line":14,"column":15},"end":{"line":16,"column":5}},"line":14},"3":{"name":"(anonymous_3)","decl":{"start":{"line":18,"column":4},"end":{"line":18,"column":5}},"loc":{"start":{"line":18,"column":12},"end":{"line":20,"column":5}},"line":18},"4":{"name":"(anonymous_4)","decl":{"start":{"line":22,"column":4},"end":{"line":22,"column":5}},"loc":{"start":{"line":22,"column":14},"end":{"line":24,"column":5}},"line":22}},"branchMap":{},"s":{"0":8,"1":8,"2":8,"3":8,"4":1,"5":1,"6":1,"7":1,"8":2},"f":{"0":8,"1":1,"2":1,"3":1,"4":1},"b":{},"_coverageSchema":"43e27e138ebf9cfc5966b082cf9a028302ed4184","hash":"1203484b518539e9d2d3209c71088204bc786253"}
,"/Users/ErikDonovan/Desktop/CODE/classwork/ProfileCreator/Develop/lib/Engineer.js": {"path":"/Users/ErikDonovan/Desktop/CODE/classwork/ProfileCreator/Develop/lib/Engineer.js","statementMap":{},"fnMap":{},"branchMap":{},"s":{},"f":{},"b":{},"_coverageSchema":"43e27e138ebf9cfc5966b082cf9a028302ed4184","hash":"5b209347242479bf8dde2671af57732d8c8a8552"}
,"/Users/ErikDonovan/Desktop/CODE/classwork/ProfileCreator/Develop/lib/Intern.js": {"path":"/Users/ErikDonovan/Desktop/CODE/classwork/ProfileCreator/Develop/lib/Intern.js","statementMap":{},"fnMap":{},"branchMap":{},"s":{},"f":{},"b":{},"_coverageSchema":"43e27e138ebf9cfc5966b082cf9a028302ed4184","hash":"c4ce83dafb65e0c53c01618b5bfc55779be4faf4"}
,"/Users/ErikDonovan/Desktop/CODE/classwork/ProfileCreator/Develop/lib/Manager.js": {"path":"/Users/ErikDonovan/Desktop/CODE/classwork/ProfileCreator/Develop/lib/Manager.js","statementMap":{"0":{"start":{"line":4,"column":8},"end":{"line":4,"column":24}},"1":{"start":{"line":7,"column":8},"end":{"line":7,"column":24}},"2":{"start":{"line":11,"column":0},"end":{"line":11,"column":33}}},"fnMap":{"0":{"name":"(anonymous_0)","decl":{"start":{"line":3,"column":4},"end":{"line":3,"column":5}},"loc":{"start":{"line":3,"column":22},"end":{"line":5,"column":5}},"line":3},"1":{"name":"(anonymous_1)","decl":{"start":{"line":6,"column":4},"end":{"line":6,"column":5}},"loc":{"start":{"line":6,"column":14},"end":{"line":8,"column":5}},"line":6}},"branchMap":{},"s":{"0":0,"1":0,"2":1},"f":{"0":0,"1":0},"b":{},"_coverageSchema":"43e27e138ebf9cfc5966b082cf9a028302ed4184","hash":"0ecac4db0543e26b0259381548215df1cbe11011"}
}
