{"/Users/ErikDonovan/Desktop/CODE/WorkerProfileGenerator/Develop/lib/Employee.js": {"path":"/Users/ErikDonovan/Desktop/CODE/WorkerProfileGenerator/Develop/lib/Employee.js","statementMap":{"0":{"start":{"line":4,"column":8},"end":{"line":4,"column":25}},"1":{"start":{"line":5,"column":8},"end":{"line":5,"column":21}},"2":{"start":{"line":6,"column":8},"end":{"line":6,"column":27}},"3":{"start":{"line":7,"column":8},"end":{"line":7,"column":30}},"4":{"start":{"line":11,"column":8},"end":{"line":11,"column":24}},"5":{"start":{"line":15,"column":8},"end":{"line":15,"column":25}},"6":{"start":{"line":19,"column":8},"end":{"line":19,"column":22}},"7":{"start":{"line":23,"column":8},"end":{"line":23,"column":25}},"8":{"start":{"line":27,"column":0},"end":{"line":27,"column":35}}},"fnMap":{"0":{"name":"(anonymous_0)","decl":{"start":{"line":3,"column":4},"end":{"line":3,"column":5}},"loc":{"start":{"line":3,"column":33},"end":{"line":8,"column":5}},"line":3},"1":{"name":"(anonymous_1)","decl":{"start":{"line":10,"column":4},"end":{"line":10,"column":5}},"loc":{"start":{"line":10,"column":14},"end":{"line":12,"column":5}},"line":10},"2":{"name":"(anonymous_2)","decl":{"start":{"line":14,"column":4},"end":{"line":14,"column":5}},"loc":{"start":{"line":14,"column":15},"end":{"line":16,"column":5}},"line":14},"3":{"name":"(anonymous_3)","decl":{"start":{"line":18,"column":4},"end":{"line":18,"column":5}},"loc":{"start":{"line":18,"column":12},"end":{"line":20,"column":5}},"line":18},"4":{"name":"(anonymous_4)","decl":{"start":{"line":22,"column":4},"end":{"line":22,"column":5}},"loc":{"start":{"line":22,"column":14},"end":{"line":24,"column":5}},"line":22}},"branchMap":{},"s":{"0":8,"1":8,"2":8,"3":8,"4":1,"5":1,"6":1,"7":1,"8":4},"f":{"0":8,"1":1,"2":1,"3":1,"4":1},"b":{},"_coverageSchema":"43e27e138ebf9cfc5966b082cf9a028302ed4184","hash":"024ecd7ad363df419c08f7a03e9c5ba347136d53"}
,"/Users/ErikDonovan/Desktop/CODE/WorkerProfileGenerator/Develop/lib/Engineer.js": {"path":"/Users/ErikDonovan/Desktop/CODE/WorkerProfileGenerator/Develop/lib/Engineer.js","statementMap":{"0":{"start":{"line":2,"column":17},"end":{"line":2,"column":47}},"1":{"start":{"line":6,"column":8},"end":{"line":6,"column":30}},"2":{"start":{"line":7,"column":8},"end":{"line":7,"column":28}},"3":{"start":{"line":8,"column":8},"end":{"line":8,"column":30}},"4":{"start":{"line":11,"column":8},"end":{"line":11,"column":26}},"5":{"start":{"line":14,"column":8},"end":{"line":14,"column":27}},"6":{"start":{"line":17,"column":0},"end":{"line":17,"column":35}}},"fnMap":{"0":{"name":"(anonymous_0)","decl":{"start":{"line":5,"column":4},"end":{"line":5,"column":5}},"loc":{"start":{"line":5,"column":41},"end":{"line":9,"column":5}},"line":5},"1":{"name":"(anonymous_1)","decl":{"start":{"line":10,"column":4},"end":{"line":10,"column":5}},"loc":{"start":{"line":10,"column":16},"end":{"line":12,"column":5}},"line":10},"2":{"name":"(anonymous_2)","decl":{"start":{"line":13,"column":4},"end":{"line":13,"column":5}},"loc":{"start":{"line":13,"column":14},"end":{"line":15,"column":5}},"line":13}},"branchMap":{},"s":{"0":1,"1":0,"2":0,"3":0,"4":0,"5":0,"6":1},"f":{"0":0,"1":0,"2":0},"b":{},"_coverageSchema":"43e27e138ebf9cfc5966b082cf9a028302ed4184","hash":"e1cd96cdcde3dbbb4d5ce6ed60b45eae636524c8"}
,"/Users/ErikDonovan/Desktop/CODE/WorkerProfileGenerator/Develop/lib/Intern.js": {"path":"/Users/ErikDonovan/Desktop/CODE/WorkerProfileGenerator/Develop/lib/Intern.js","statementMap":{"0":{"start":{"line":2,"column":17},"end":{"line":2,"column":47}},"1":{"start":{"line":6,"column":8},"end":{"line":6,"column":30}},"2":{"start":{"line":7,"column":8},"end":{"line":7,"column":28}},"3":{"start":{"line":12,"column":8},"end":{"line":12,"column":26}},"4":{"start":{"line":15,"column":8},"end":{"line":15,"column":25}},"5":{"start":{"line":20,"column":0},"end":{"line":20,"column":31}}},"fnMap":{"0":{"name":"(anonymous_0)","decl":{"start":{"line":5,"column":4},"end":{"line":5,"column":5}},"loc":{"start":{"line":5,"column":41},"end":{"line":9,"column":5}},"line":5},"1":{"name":"(anonymous_1)","decl":{"start":{"line":11,"column":4},"end":{"line":11,"column":5}},"loc":{"start":{"line":11,"column":16},"end":{"line":13,"column":5}},"line":11},"2":{"name":"(anonymous_2)","decl":{"start":{"line":14,"column":4},"end":{"line":14,"column":5}},"loc":{"start":{"line":14,"column":14},"end":{"line":17,"column":5}},"line":14}},"branchMap":{},"s":{"0":1,"1":0,"2":0,"3":0,"4":0,"5":1},"f":{"0":0,"1":0,"2":0},"b":{},"_coverageSchema":"43e27e138ebf9cfc5966b082cf9a028302ed4184","hash":"889eef2c78083cc6137de0547d461c03214713ed"}
,"/Users/ErikDonovan/Desktop/CODE/WorkerProfileGenerator/Develop/lib/Manager.js": {"path":"/Users/ErikDonovan/Desktop/CODE/WorkerProfileGenerator/Develop/lib/Manager.js","statementMap":{"0":{"start":{"line":1,"column":17},"end":{"line":1,"column":47}},"1":{"start":{"line":5,"column":8},"end":{"line":5,"column":30}},"2":{"start":{"line":6,"column":8},"end":{"line":6,"column":40}},"3":{"start":{"line":9,"column":8},"end":{"line":9,"column":32}},"4":{"start":{"line":12,"column":8},"end":{"line":12,"column":26}},"5":{"start":{"line":15,"column":0},"end":{"line":15,"column":33}}},"fnMap":{"0":{"name":"(anonymous_0)","decl":{"start":{"line":4,"column":4},"end":{"line":4,"column":5}},"loc":{"start":{"line":4,"column":47},"end":{"line":7,"column":5}},"line":4},"1":{"name":"(anonymous_1)","decl":{"start":{"line":8,"column":4},"end":{"line":8,"column":5}},"loc":{"start":{"line":8,"column":22},"end":{"line":10,"column":5}},"line":8},"2":{"name":"(anonymous_2)","decl":{"start":{"line":11,"column":4},"end":{"line":11,"column":5}},"loc":{"start":{"line":11,"column":14},"end":{"line":13,"column":5}},"line":11}},"branchMap":{},"s":{"0":1,"1":0,"2":0,"3":0,"4":0,"5":1},"f":{"0":0,"1":0,"2":0},"b":{},"_coverageSchema":"43e27e138ebf9cfc5966b082cf9a028302ed4184","hash":"d7f3620d5bf822ca79d2a6555e16cb08cc774377"}
}
