TN:
SF:/Users/ErikDonovan/Desktop/CODE/WorkerProfileGenerator/Develop/lib/Employee.js
FN:3,(anonymous_0)
FN:10,(anonymous_1)
FN:14,(anonymous_2)
FN:18,(anonymous_3)
FN:22,(anonymous_4)
FNF:5
FNH:5
FNDA:8,(anonymous_0)
FNDA:1,(anonymous_1)
FNDA:1,(anonymous_2)
FNDA:1,(anonymous_3)
FNDA:1,(anonymous_4)
DA:4,8
DA:5,8
DA:6,8
DA:7,8
DA:11,1
DA:15,1
DA:19,1
DA:23,1
DA:27,4
LF:9
LH:9
BRF:0
BRH:0
end_of_record
TN:
SF:/Users/ErikDonovan/Desktop/CODE/WorkerProfileGenerator/Develop/lib/Engineer.js
FN:5,(anonymous_0)
FN:10,(anonymous_1)
FN:13,(anonymous_2)
FNF:3
FNH:0
FNDA:0,(anonymous_0)
FNDA:0,(anonymous_1)
FNDA:0,(anonymous_2)
DA:2,1
DA:6,0
DA:7,0
DA:8,0
DA:11,0
DA:14,0
DA:17,1
LF:7
LH:2
BRF:0
BRH:0
end_of_record
TN:
SF:/Users/ErikDonovan/Desktop/CODE/WorkerProfileGenerator/Develop/lib/Intern.js
FN:5,(anonymous_0)
FN:11,(anonymous_1)
FN:14,(anonymous_2)
FNF:3
FNH:0
FNDA:0,(anonymous_0)
FNDA:0,(anonymous_1)
FNDA:0,(anonymous_2)
DA:2,1
DA:6,0
DA:7,0
DA:12,0
DA:15,0
DA:20,1
LF:6
LH:2
BRF:0
BRH:0
end_of_record
TN:
SF:/Users/ErikDonovan/Desktop/CODE/WorkerProfileGenerator/Develop/lib/Manager.js
FN:4,(anonymous_0)
FN:8,(anonymous_1)
FN:11,(anonymous_2)
FNF:3
FNH:0
FNDA:0,(anonymous_0)
FNDA:0,(anonymous_1)
FNDA:0,(anonymous_2)
DA:1,1
DA:5,0
DA:6,0
DA:9,0
DA:12,0
DA:15,1
LF:6
LH:2
BRF:0
BRH:0
end_of_record
