TN:
SF:/Users/ErikDonovan/Desktop/CODE/classwork/ProfileCreator/Develop/lib/Employee.js
FN:3,(anonymous_0)
FN:10,(anonymous_1)
FN:14,(anonymous_2)
FN:18,(anonymous_3)
FN:22,(anonymous_4)
FNF:5
FNH:5
FNDA:8,(anonymous_0)
FNDA:1,(anonymous_1)
FNDA:1,(anonymous_2)
FNDA:1,(anonymous_3)
FNDA:1,(anonymous_4)
DA:4,8
DA:5,8
DA:6,8
DA:7,8
DA:11,1
DA:15,1
DA:19,1
DA:23,1
DA:27,2
LF:9
LH:9
BRF:0
BRH:0
end_of_record
TN:
SF:/Users/ErikDonovan/Desktop/CODE/classwork/ProfileCreator/Develop/lib/Engineer.js
FNF:0
FNH:0
LF:0
LH:0
BRF:0
BRH:0
end_of_record
TN:
SF:/Users/ErikDonovan/Desktop/CODE/classwork/ProfileCreator/Develop/lib/Intern.js
FNF:0
FNH:0
LF:0
LH:0
BRF:0
BRH:0
end_of_record
TN:
SF:/Users/ErikDonovan/Desktop/CODE/classwork/ProfileCreator/Develop/lib/Manager.js
FN:3,(anonymous_0)
FN:6,(anonymous_1)
FNF:2
FNH:0
FNDA:0,(anonymous_0)
FNDA:0,(anonymous_1)
DA:4,0
DA:7,0
DA:11,1
LF:3
LH:1
BRF:0
BRH:0
end_of_record
